"../../../Engine/Content/BasicShapes/BasicShapeMaterial.uasset" 0
"../../../Engine/Content/Functions/Engine_MaterialFunctions01/Opacity/CameraDepthFade.uasset" 1
"../../../Engine/Content/EngineMaterials/T_Default_Material_Grid_M.uasset" 2
"../../../Engine/Content/EngineMaterials/T_Default_Material_Grid_N.uasset" 3
"../../../Engine/Content/EngineMaterials/DefaultMaterial.uasset" 4
"../../../Engine/Content/BasicShapes/Sphere.uasset" 5
"../../../../../Project/Unreal/Evaluation/Live-Coding-Virtual-Environment/Content/RayMarching/Box_Buleprint.uasset" 6
"../../../../../Project/Unreal/Evaluation/Live-Coding-Virtual-Environment/Content/Box_Buleprint.uasset" 7
"../../../Engine/Content/EditorBlueprintResources/StandardMacros.uasset" 8
"../../../../../Project/Unreal/Evaluation/Live-Coding-Virtual-Environment/Content/MobileStarterContent/Materials/M_Basic_Wall.uasset" 9
"../../../../../Project/Unreal/Evaluation/Live-Coding-Virtual-Environment/Content/MobileStarterContent/Shapes/Shape_Cone.uasset" 10
"../../../../../Project/Unreal/Evaluation/Live-Coding-Virtual-Environment/Content/Flocking/FlockingSeed_Blueprint.uasset" 11
"../../../Engine/Content/Functions/Engine_MaterialFunctions02/Utility/MakeFloat3.uasset" 12
"../../../../../Project/Unreal/Evaluation/Live-Coding-Virtual-Environment/Content/Flocking/Materials/noise1.uasset" 13
"../../../../../Project/Unreal/Evaluation/Live-Coding-Virtual-Environment/Content/Flocking/Materials/InitializePositionRT_mat.uasset" 14
"../../../../../Project/Unreal/Evaluation/Live-Coding-Virtual-Environment/Content/Flocking/Materials/InitializeVelocityRT_mat.uasset" 15
"../../../../../Project/Unreal/Evaluation/Live-Coding-Virtual-Environment/Content/Flocking/MyCSTestActor.uasset" 16
"../../../../../Project/Unreal/Evaluation/Live-Coding-Virtual-Environment/Content/MyCSTestActor.uasset" 17
"../../../Engine/Content/Functions/Engine_MaterialFunctions02/Utility/CameraDirectionVector.uasset" 18
"../../../../../Project/Unreal/Evaluation/Live-Coding-Virtual-Environment/Content/RayMarching/smoothUnion_mat.uasset" 19
"../../../../../Project/Unreal/Evaluation/Live-Coding-Virtual-Environment/Content/RayMarching/NewMaterial_Inst.uasset" 20
"../../../../../Project/Unreal/Evaluation/Live-Coding-Virtual-Environment/Content/NewMaterial_Inst.uasset" 21
"../../../../../Project/Unreal/Evaluation/Live-Coding-Virtual-Environment/Content/RayMarching/RayMarching_wave_mat.uasset" 22
"../../../../../Project/Unreal/Evaluation/Live-Coding-Virtual-Environment/Content/RayMarching/RayMarching_wave_mat_Inst.uasset" 23
"../../../../../Project/Unreal/Evaluation/Live-Coding-Virtual-Environment/Content/RayMarching_wave_mat_Inst.uasset" 24
"../../../../../Project/Unreal/Evaluation/Live-Coding-Virtual-Environment/Content/RayMarching/Sphere_Blueprint.uasset" 25
"../../../../../Project/Unreal/Evaluation/Live-Coding-Virtual-Environment/Content/Sphere_Blueprint.uasset" 26
"../../../../../Project/Unreal/Evaluation/Live-Coding-Virtual-Environment/Content/DB/DA_GesturesDB_Demo.uasset" 27
"../../../../../Project/Unreal/Evaluation/Live-Coding-Virtual-Environment/Content/Flocking/Materials/Cube_mat.uasset" 28
"../../../../../Project/Unreal/Evaluation/Live-Coding-Virtual-Environment/Content/Flocking/Materials/Cube_mat_Inst.uasset" 29
"../../../../../Project/Unreal/Evaluation/Live-Coding-Virtual-Environment/Content/MobileStarterContent/Shapes/Shape_Sphere.uasset" 30
"../../../../../Project/Unreal/Evaluation/Live-Coding-Virtual-Environment/Content/Flocking/Cube_Blueprint.uasset" 31
"../../../../../Project/Unreal/Evaluation/Live-Coding-Virtual-Environment/Content/Flocking/Materials/Cube_mat_Inst_2.uasset" 32
"../../../../../Project/Unreal/Evaluation/Live-Coding-Virtual-Environment/Content/Flocking/Cube_Blueprint_Child.uasset" 33
"../../../../../Project/Unreal/Evaluation/Live-Coding-Virtual-Environment/Content/Flocking/Materials/noise2.uasset" 34
"../../../../../Project/Unreal/Evaluation/Live-Coding-Virtual-Environment/Content/Flocking/Materials/ParametersCollection.uasset" 35
"../../../../../Project/Unreal/Evaluation/Live-Coding-Virtual-Environment/Content/Geometry/Meshes/CubeMaterial.uasset" 36
"../../../../../Project/Unreal/Evaluation/Live-Coding-Virtual-Environment/Content/Geometry/Meshes/1M_Cube_Chamfer.uasset" 37
"../../../../../Project/Unreal/Evaluation/Live-Coding-Virtual-Environment/Content/Geometry/Meshes/TemplateFloor.uasset" 38
"../../../../../Project/Unreal/Evaluation/Live-Coding-Virtual-Environment/Content/Flocking/Materials/PositionRT.uasset" 39
"../../../../../Project/Unreal/Evaluation/Live-Coding-Virtual-Environment/Content/Materials/PositionRT.uasset" 40
"../../../../../Project/Unreal/Evaluation/Live-Coding-Virtual-Environment/Content/Flocking/Materials/VelocityRT.uasset" 41
"../../../../../Project/Unreal/Evaluation/Live-Coding-Virtual-Environment/Content/Materials/VelocityRT.uasset" 42
"../../../../../Project/Unreal/Evaluation/Live-Coding-Virtual-Environment/Content/MobileStarterContent/Architecture/Wall_400x300.uasset" 43
"../../../../../Project/Unreal/Evaluation/Live-Coding-Virtual-Environment/Content/MobileStarterContent/Architecture/Wall_400x400.uasset" 44
"../../../../../Project/Unreal/Evaluation/Live-Coding-Virtual-Environment/Content/MobileStarterContent/Architecture/Wall_500x500.uasset" 45
"../../../../../Project/Unreal/Evaluation/Live-Coding-Virtual-Environment/Content/MobileStarterContent/Architecture/Wall_Door_400x400.uasset" 46
"../../../../../Project/Unreal/Evaluation/Live-Coding-Virtual-Environment/Content/MobileStarterContent/Architecture/Wall_Window_400x400.uasset" 47
"../../../../../Project/Unreal/Evaluation/Live-Coding-Virtual-Environment/Content/MobileStarterContent/Audio/Light01.uasset" 48
"../../../../../Project/Unreal/Evaluation/Live-Coding-Virtual-Environment/Content/MobileStarterContent/Audio/Light01_Cue.uasset" 49
"../../../../../Project/Unreal/Evaluation/Live-Coding-Virtual-Environment/Content/MobileStarterContent/Audio/Light02.uasset" 50
"../../../../../Project/Unreal/Evaluation/Live-Coding-Virtual-Environment/Content/MobileStarterContent/Audio/Light02_Cue.uasset" 51
"../../../../../Project/Unreal/Evaluation/Live-Coding-Virtual-Environment/Content/MobileStarterContent/Audio/Steam01.uasset" 52
"../../../../../Project/Unreal/Evaluation/Live-Coding-Virtual-Environment/Content/MobileStarterContent/Audio/Steam01_Cue.uasset" 53
"../../../../../Project/Unreal/Evaluation/Live-Coding-Virtual-Environment/Content/MobileStarterContent/Audio/Explosion01.uasset" 54
"../../../../../Project/Unreal/Evaluation/Live-Coding-Virtual-Environment/Content/MobileStarterContent/Audio/Explosion02.uasset" 55
"../../../../../Project/Unreal/Evaluation/Live-Coding-Virtual-Environment/Content/MobileStarterContent/Audio/Explosion_Cue.uasset" 56
"../../../../../Project/Unreal/Evaluation/Live-Coding-Virtual-Environment/Content/MobileStarterContent/Textures/T_Burst_M.uasset" 57
"../../../../../Project/Unreal/Evaluation/Live-Coding-Virtual-Environment/Content/MobileStarterContent/Particles/Materials/M_Burst.uasset" 58
"../../../../../Project/Unreal/Evaluation/Live-Coding-Virtual-Environment/Content/MobileStarterContent/Textures/T_Explosion_SubUV.uasset" 59
"../../../../../Project/Unreal/Evaluation/Live-Coding-Virtual-Environment/Content/MobileStarterContent/Particles/Materials/M_explosion_subUV.uasset" 60
"../../../../../Project/Unreal/Evaluation/Live-Coding-Virtual-Environment/Content/MobileStarterContent/Particles/Materials/m_flare_01.uasset" 61
"../../../Engine/Content/Functions/Engine_MaterialFunctions01/Gradient/RadialGradient.uasset" 62
"../../../../../Project/Unreal/Evaluation/Live-Coding-Virtual-Environment/Content/MobileStarterContent/Particles/Materials/M_radial_ramp.uasset" 63
"../../../../../Project/Unreal/Evaluation/Live-Coding-Virtual-Environment/Content/MobileStarterContent/Textures/T_Smoke_SubUV.uasset" 64
"../../../../../Project/Unreal/Evaluation/Live-Coding-Virtual-Environment/Content/MobileStarterContent/Textures/T_Smoke_Tiled_D.uasset" 65
"../../../../../Project/Unreal/Evaluation/Live-Coding-Virtual-Environment/Content/MobileStarterContent/Particles/Materials/M_smoke_subUV.uasset" 66
"../../../../../Project/Unreal/Evaluation/Live-Coding-Virtual-Environment/Content/MobileStarterContent/Particles/P_Explosion.uasset" 67
"../../../../../Project/Unreal/Evaluation/Live-Coding-Virtual-Environment/Content/MobileStarterContent/Blueprints/Blueprint_Effect_Explosion.uasset" 68
"../../../../../Project/Unreal/Evaluation/Live-Coding-Virtual-Environment/Content/MobileStarterContent/Textures/T_Bush_D.uasset" 69
"../../../../../Project/Unreal/Evaluation/Live-Coding-Virtual-Environment/Content/MobileStarterContent/Textures/T_Bush_N.uasset" 70
"../../../../../Project/Unreal/Evaluation/Live-Coding-Virtual-Environment/Content/MobileStarterContent/Props/Materials/M_Bush.uasset" 71
"../../../../../Project/Unreal/Evaluation/Live-Coding-Virtual-Environment/Content/MobileStarterContent/Props/SM_Bush.uasset" 72
"../../../../../Project/Unreal/Evaluation/Live-Coding-Virtual-Environment/Content/MobileStarterContent/Textures/T_Chair_M.uasset" 73
"../../../../../Project/Unreal/Evaluation/Live-Coding-Virtual-Environment/Content/MobileStarterContent/Textures/T_Chair_N.uasset" 74
"../../../../../Project/Unreal/Evaluation/Live-Coding-Virtual-Environment/Content/MobileStarterContent/Props/Materials/M_Chair.uasset" 75
"../../../../../Project/Unreal/Evaluation/Live-Coding-Virtual-Environment/Content/MobileStarterContent/Props/SM_Couch.uasset" 76
"../../../../../Project/Unreal/Evaluation/Live-Coding-Virtual-Environment/Content/MobileStarterContent/Materials/M_Glass.uasset" 77
"../../../../../Project/Unreal/Evaluation/Live-Coding-Virtual-Environment/Content/MobileStarterContent/Textures/T_Door_M.uasset" 78
"../../../../../Project/Unreal/Evaluation/Live-Coding-Virtual-Environment/Content/MobileStarterContent/Textures/T_Door_N.uasset" 79
"../../../../../Project/Unreal/Evaluation/Live-Coding-Virtual-Environment/Content/MobileStarterContent/Props/Materials/M_Door.uasset" 80
"../../../../../Project/Unreal/Evaluation/Live-Coding-Virtual-Environment/Content/MobileStarterContent/Props/SM_Door.uasset" 81
"../../../../../Project/Unreal/Evaluation/Live-Coding-Virtual-Environment/Content/MobileStarterContent/Props/Materials/M_MaterialSphere.uasset" 82
"../../../../../Project/Unreal/Evaluation/Live-Coding-Virtual-Environment/Content/MobileStarterContent/Props/Materials/M_MaterialSphere_Plain.uasset" 83
"../../../../../Project/Unreal/Evaluation/Live-Coding-Virtual-Environment/Content/MobileStarterContent/Props/SM_MatPreviewMesh_02.uasset" 84
"../../../../../Project/Unreal/Evaluation/Live-Coding-Virtual-Environment/Content/MobileStarterContent/Textures/T_Rock_Basalt_D.uasset" 85
"../../../../../Project/Unreal/Evaluation/Live-Coding-Virtual-Environment/Content/MobileStarterContent/Textures/T_RockMesh_M.uasset" 86
"../../../../../Project/Unreal/Evaluation/Live-Coding-Virtual-Environment/Content/MobileStarterContent/Textures/T_RockMesh_N.uasset" 87
"../../../../../Project/Unreal/Evaluation/Live-Coding-Virtual-Environment/Content/MobileStarterContent/Props/Materials/M_Rock.uasset" 88
"../../../../../Project/Unreal/Evaluation/Live-Coding-Virtual-Environment/Content/MobileStarterContent/Props/SM_Rock.uasset" 89
"../../../../../Project/Unreal/Evaluation/Live-Coding-Virtual-Environment/Content/MobileStarterContent/Textures/T_Shelf_M.uasset" 90
"../../../../../Project/Unreal/Evaluation/Live-Coding-Virtual-Environment/Content/MobileStarterContent/Textures/T_Shelf_N.uasset" 91
"../../../../../Project/Unreal/Evaluation/Live-Coding-Virtual-Environment/Content/MobileStarterContent/Props/Materials/M_Shelf.uasset" 92
"../../../../../Project/Unreal/Evaluation/Live-Coding-Virtual-Environment/Content/MobileStarterContent/Props/SM_Shelf.uasset" 93
"../../../../../Project/Unreal/Evaluation/Live-Coding-Virtual-Environment/Content/MobileStarterContent/Props/SM_Stairs.uasset" 94
"../../../../../Project/Unreal/Evaluation/Live-Coding-Virtual-Environment/Content/MobileStarterContent/Shapes/Shape_Cylinder.uasset" 95
"../../../../../Project/Unreal/Evaluation/Live-Coding-Virtual-Environment/Content/MobileStarterContent/Shapes/Shape_NarrowCapsule.uasset" 96
"../../../../../Project/Unreal/Evaluation/Live-Coding-Virtual-Environment/Content/MobileStarterContent/Shapes/Shape_Pipe.uasset" 97
"../../../../../Project/Unreal/Evaluation/Live-Coding-Virtual-Environment/Content/MobileStarterContent/Shapes/Shape_Pipe_180.uasset" 98
"../../../../../Project/Unreal/Evaluation/Live-Coding-Virtual-Environment/Content/MobileStarterContent/Shapes/Shape_Pipe_90.uasset" 99
"../../../../../Project/Unreal/Evaluation/Live-Coding-Virtual-Environment/Content/MobileStarterContent/Shapes/Shape_Plane.uasset" 100
"../../../../../Project/Unreal/Evaluation/Live-Coding-Virtual-Environment/Content/MobileStarterContent/Shapes/Shape_Torus.uasset" 101
"../../../../../Project/Unreal/Evaluation/Live-Coding-Virtual-Environment/Content/MobileStarterContent/Shapes/Shape_Trim.uasset" 102
"../../../../../Project/Unreal/Evaluation/Live-Coding-Virtual-Environment/Content/MobileStarterContent/Shapes/Shape_Trim_90_In.uasset" 103
"../../../../../Project/Unreal/Evaluation/Live-Coding-Virtual-Environment/Content/MobileStarterContent/Shapes/Shape_Trim_90_Out.uasset" 104
"../../../../../Project/Unreal/Evaluation/Live-Coding-Virtual-Environment/Content/MobileStarterContent/Shapes/Shape_TriPyramid.uasset" 105
"../../../../../Project/Unreal/Evaluation/Live-Coding-Virtual-Environment/Content/MobileStarterContent/Shapes/Shape_Tube.uasset" 106
"../../../../../Project/Unreal/Evaluation/Live-Coding-Virtual-Environment/Content/MobileStarterContent/Shapes/Shape_Wedge_A.uasset" 107
"../../../../../Project/Unreal/Evaluation/Live-Coding-Virtual-Environment/Content/MobileStarterContent/Shapes/Shape_Wedge_B.uasset" 108
"../../../../../Project/Unreal/Evaluation/Live-Coding-Virtual-Environment/Content/MobileStarterContent/Shapes/Shape_WideCapsule.uasset" 109
"../../../../../Project/Unreal/Evaluation/Live-Coding-Virtual-Environment/Content/MobileStarterContent/Textures/T_CobbleStone_Pebble_M.uasset" 110
"../../../../../Project/Unreal/Evaluation/Live-Coding-Virtual-Environment/Content/MobileStarterContent/Textures/T_Concrete_Tiles_Variation_M.uasset" 111
"../../../../../Project/Unreal/Evaluation/Live-Coding-Virtual-Environment/Content/MobileStarterContent/Textures/T_Detail_Rocky_N.uasset" 112
"../../../../../Project/Unreal/Evaluation/Live-Coding-Virtual-Environment/Content/MobileStarterContent/Textures/T_Gradinet_01.uasset" 113
"../../../../../Project/Unreal/Evaluation/Live-Coding-Virtual-Environment/Content/MobileStarterContent/Textures/T_Perlin_Noise_M.uasset" 114
"../../../../../Project/Unreal/Evaluation/Live-Coding-Virtual-Environment/Content/MobileStarterContent/Textures/T_Rock_Smooth_Granite_D.uasset" 115
"../../../../../Project/Unreal/Evaluation/Live-Coding-Virtual-Environment/Content/RayMarching/CommonTestApp_mat.uasset" 116
"../../../../../Project/Unreal/Evaluation/Live-Coding-Virtual-Environment/Content/RayMarching/fogNoise.uasset" 117
"../../../../../Project/Unreal/Evaluation/Live-Coding-Virtual-Environment/Content/RayMarching/Noise_fog.uasset" 118
"../../../../../Project/Unreal/Evaluation/Live-Coding-Virtual-Environment/Content/RayMarching/Noise_Fog2.uasset" 119
"../../../../../Project/Unreal/Evaluation/Live-Coding-Virtual-Environment/Content/RayMarching/materials/RayMarchingCombinable2_mat.uasset" 120
"../../../../../Project/Unreal/Evaluation/Live-Coding-Virtual-Environment/Content/RayMarching/materials/RayMarchingCombinable2_mat_Inst.uasset" 121
"../../../../../Project/Unreal/Evaluation/Live-Coding-Virtual-Environment/Content/RayMarching/materials/RayMarchingSingleShape_mat.uasset" 122
"../../../../../Project/Unreal/Evaluation/Live-Coding-Virtual-Environment/Content/RayMarching/materials/RayMarchingSingleShape_mat_Inst.uasset" 123
"../../../../../Project/Unreal/Evaluation/Live-Coding-Virtual-Environment/Content/VF/Mat_DOF/DensityColorCurveBase1.uasset" 124
"../../../../../Project/Unreal/Evaluation/Live-Coding-Virtual-Environment/Content/VF/Mat_DOF/NewCurveLinearColorAtlas1.uasset" 125
"../../../../../Project/Unreal/Evaluation/Live-Coding-Virtual-Environment/Content/VF/Mat_DOF/Sharpen_function.uasset" 126
"../../../../../Project/Unreal/Evaluation/Live-Coding-Virtual-Environment/Content/VF/Mat_DOF/VF_DOF_Distance_function.uasset" 127
"../../../../../Project/Unreal/Evaluation/Live-Coding-Virtual-Environment/Content/VF/Tex/TexT_VNT_03.uasset" 128
"../../../../../Project/Unreal/Evaluation/Live-Coding-Virtual-Environment/Content/VF/Tex/TexT_VNT_03_Volume.uasset" 129
"../../../../../Project/Unreal/Evaluation/Live-Coding-Virtual-Environment/Content/VF/Mat_DOF/VF_Texture_function.uasset" 130
"../../../../../Project/Unreal/Evaluation/Live-Coding-Virtual-Environment/Content/VF/Mat_DOF/VF_DOF_Blend.uasset" 131
"../../../../../Project/Unreal/Evaluation/Live-Coding-Virtual-Environment/Content/VF/Tex/TexT_VNT_01.uasset" 132
"../../../../../Project/Unreal/Evaluation/Live-Coding-Virtual-Environment/Content/VF/Tex/TexT_VNT_01_Volume.uasset" 133
"../../../../../Project/Unreal/Evaluation/Live-Coding-Virtual-Environment/Content/VF/Mat_DOF/VF_DOF_Blend_Inst.uasset" 134
"../../../Engine/Content/EngineMaterials/WorldGridMaterial.uasset" 135
"../../../Engine/Content/BasicShapes/Cube.uasset" 136
"../../../../../Project/Unreal/Evaluation/Live-Coding-Virtual-Environment/Content/VF/Bp/Bp_FogArea.uasset" 137
"../../../../../Project/Unreal/Evaluation/Live-Coding-Virtual-Environment/Content/VF/Bp/FogArea_Blueprint.uasset" 138
"../../../../../Project/Unreal/Evaluation/Live-Coding-Virtual-Environment/Content/VF/Mat_DOF/DensityColorCurveBase.uasset" 139
"../../../../../Project/Unreal/Evaluation/Live-Coding-Virtual-Environment/Content/VF/Mat_DOF/NewCurveLinearColorAtlas.uasset" 140
"../../../../../Project/Unreal/Evaluation/Live-Coding-Virtual-Environment/Content/VF/Mat_DOF/LightDir_test_mat.uasset" 141
"../../../../../Project/Unreal/Evaluation/Live-Coding-Virtual-Environment/Content/VF/Mat_DOF/LightDir_test_mat_Inst.uasset" 142
"../../../../../Project/Unreal/Evaluation/Live-Coding-Virtual-Environment/Content/VF/Mat_DOF/DensityColor_test_mat_Inst.uasset" 143
"../../../../../Project/Unreal/Evaluation/Live-Coding-Virtual-Environment/Content/VF/Tex/TexT_VNT_02.uasset" 144
"../../../../../Project/Unreal/Evaluation/Live-Coding-Virtual-Environment/Content/VirtualReality/Materials/GenericHMDMaterial.uasset" 145
"../../../../../Project/Unreal/Evaluation/Live-Coding-Virtual-Environment/Content/VirtualReality/Meshes/GenericHMD.uasset" 146
"../../../Engine/Content/Functions/Engine_MaterialFunctions02/Utility/BreakOutFloat2Components.uasset" 147
"../../../Engine/Content/Functions/Engine_MaterialFunctions01/Texturing/ScaleUVsByCenter.uasset" 148
"../../../Engine/Content/Functions/Engine_MaterialFunctions02/ScreenResolution.uasset" 149
"../../../Engine/Content/Functions/Engine_MaterialFunctions02/Texturing/ScreenAlignedUVs.uasset" 150
"../../../Engine/Content/Functions/Engine_MaterialFunctions02/Utility/DepthFromWorldPosition.uasset" 151
"../../../../../Project/Unreal/Evaluation/Live-Coding-Virtual-Environment/Content/VirtualReality/Materials/MF_OccludedPixels.uasset" 152
"../../../../../Project/Unreal/Evaluation/Live-Coding-Virtual-Environment/Content/VirtualReality/Materials/TeleportMCP.uasset" 153
"../../../Engine/Content/EngineMaterials/Good64x64TilingNoiseHighFreq.uasset" 154
"../../../../../Project/Unreal/Evaluation/Live-Coding-Virtual-Environment/Content/VirtualReality/Materials/M_ArcEndpoint.uasset" 155
"../../../../../Project/Unreal/Evaluation/Live-Coding-Virtual-Environment/Content/VirtualReality/Materials/M_TeleportPreviews.uasset" 156
"../../../../../Project/Unreal/Evaluation/Live-Coding-Virtual-Environment/Content/VirtualReality/Materials/MI_TeleportCylinderPreview.uasset" 157
"../../../Engine/Content/BasicShapes/Cylinder.uasset" 158
"../../../../../Project/Unreal/Evaluation/Live-Coding-Virtual-Environment/Content/VirtualReality/Meshes/BeaconDirection.uasset" 159
"../../../../../Project/Unreal/Evaluation/Live-Coding-Virtual-Environment/Content/VirtualReality/Meshes/SM_FatCylinder.uasset" 160
"../../../../../Project/Unreal/Evaluation/Live-Coding-Virtual-Environment/Content/VirtualRealityBP/Blueprints/HMDLocomotionPawn.uasset" 161
"../../../../../Project/Unreal/Evaluation/Live-Coding-Virtual-Environment/Content/VirtualReality/Materials/M_SplineArcMat.uasset" 162
"../../../../../Project/Unreal/Evaluation/Live-Coding-Virtual-Environment/Content/VirtualReality/Meshes/BeamMesh.uasset" 163
"../../../../../Project/Unreal/Evaluation/Live-Coding-Virtual-Environment/Content/VirtualRealityBP/Blueprints/timeLineTemplate.uasset" 164
"../../../../../Project/Unreal/Evaluation/Live-Coding-Virtual-Environment/Content/VirtualRealityBP/Blueprints/NewBlueprint.uasset" 165
"../../../../../Project/Unreal/Evaluation/Live-Coding-Virtual-Environment/Content/VirtualReality/Mannequin/Character/Mesh/MannequinHand_Right_Skeleton.uasset" 166
"../../../../../Project/Unreal/Evaluation/Live-Coding-Virtual-Environment/Content/VirtualReality/Mannequin/Animations/MannequinHand_Right_CanGrab.uasset" 167
"../../../../../Project/Unreal/Evaluation/Live-Coding-Virtual-Environment/Content/VirtualReality/Mannequin/Animations/MannequinHand_Right_Grab.uasset" 168
"../../../../../Project/Unreal/Evaluation/Live-Coding-Virtual-Environment/Content/VirtualReality/Mannequin/Animations/MannequinHand_Right_Open.uasset" 169
"../../../../../Project/Unreal/Evaluation/Live-Coding-Virtual-Environment/Content/VirtualReality/Mannequin/Animations/RightGrip_BS.uasset" 170
"../../../../../Project/Unreal/Evaluation/Live-Coding-Virtual-Environment/Content/VirtualRealityBP/Blueprints/GripEnum.uasset" 171
"../../../../../Project/Unreal/Evaluation/Live-Coding-Virtual-Environment/Content/VirtualReality/Mannequin/Animations/RightHand_AnimBP.uasset" 172
"../../../../../Project/Unreal/Evaluation/Live-Coding-Virtual-Environment/Content/Flocking/BP_BigFlocking.uasset" 173
"../../../../../Project/Unreal/Evaluation/Live-Coding-Virtual-Environment/Content/VirtualRealityBP/Blueprints/Path.uasset" 174
"../../../../../Project/Unreal/Evaluation/Live-Coding-Virtual-Environment/Content/VirtualRealityBP/Blueprints/PickupActorInterface.uasset" 175
"../../../../../Project/Unreal/Evaluation/Live-Coding-Virtual-Environment/Content/VirtualReality/Materials/outLine.uasset" 176
"../../../../../Project/Unreal/Evaluation/Live-Coding-Virtual-Environment/Content/VirtualReality/Materials/M_BaseMaterial.uasset" 177
"../../../../../Project/Unreal/Evaluation/Live-Coding-Virtual-Environment/Content/VirtualReality/Materials/MI_SmallCubes.uasset" 178
"../../../../../Project/Unreal/Evaluation/Live-Coding-Virtual-Environment/Content/Geometry/Meshes/1M_Cube.uasset" 179
"../../../../../Project/Unreal/Evaluation/Live-Coding-Virtual-Environment/Content/VirtualRealityBP/Blueprints/BP_PickupCube.uasset" 180
"../../../Engine/Content/EngineMeshes/MaterialSphere.uasset" 181
"../../../../../Project/Unreal/Evaluation/Live-Coding-Virtual-Environment/Content/RayMarching/Bps/RayMarchingGeometryData.uasset" 182
"../../../../../Project/Unreal/Evaluation/Live-Coding-Virtual-Environment/Content/RayMarching/materials/RayMarchingSingleShapeTypes.uasset" 183
"../../../../../Project/Unreal/Evaluation/Live-Coding-Virtual-Environment/Content/RayMarching/Bps/BP_PickupRayMarchingSingleShape.uasset" 184
"../../../../../Project/Unreal/Evaluation/Live-Coding-Virtual-Environment/Content/RayMarching/Bps/BP_PickupRayMarchingCombinable2.uasset" 185
"../../../../../Project/Unreal/Evaluation/Live-Coding-Virtual-Environment/Content/RayMarching/Bps/BP_PickupRayMarchingCombinable2Container.uasset" 186
"../../../../../Project/Unreal/Evaluation/Live-Coding-Virtual-Environment/Content/RayMarching/materials/RayMarchingOperationTypes.uasset" 187
"../../../../../Project/Unreal/Evaluation/Live-Coding-Virtual-Environment/Content/UI/LogEntry.uasset" 188
"../../../../../Project/Unreal/Evaluation/Live-Coding-Virtual-Environment/Content/UI/Log.uasset" 189
"../../../../../Project/Unreal/Evaluation/Live-Coding-Virtual-Environment/Content/UI/UITypeEnum.uasset" 190
"../../../../../Project/Unreal/Evaluation/Live-Coding-Virtual-Environment/Content/VirtualRealityBP/Blueprints/GrammarModesEnum.uasset" 191
"../../../../../Project/Unreal/Evaluation/Live-Coding-Virtual-Environment/Content/VirtualRealityBP/Blueprints/ModeEnum.uasset" 192
"../../../../../Project/Unreal/Evaluation/Live-Coding-Virtual-Environment/Content/VirtualRealityBP/Blueprints/MotionControllerPawn.uasset" 193
"../../../../../Project/Unreal/Evaluation/Live-Coding-Virtual-Environment/Content/VirtualRealityBP/Blueprints/GolabelFunctions.uasset" 194
"../../../../../Project/Unreal/Evaluation/Live-Coding-Virtual-Environment/Content/UI/SecondUI.uasset" 195
"../../../../../Project/Unreal/Evaluation/Live-Coding-Virtual-Environment/Content/UI/FirstUI.uasset" 196
"../../../../../Project/Unreal/Evaluation/Live-Coding-Virtual-Environment/Content/UI/CreationWidget.uasset" 197
"../../../Engine/Content/Functions/Engine_MaterialFunctions01/Texturing/ComputeMipLevel.uasset" 198
"../../../Engine/Content/EngineMaterials/DefaultDiffuse.uasset" 199
"../../../Engine/Content/Functions/Engine_MaterialFunctions01/Texturing/TextureCropping.uasset" 200
"../../../Engine/Content/Functions/Engine_MaterialFunctions02/ExampleContent/DebugNumberStrip.uasset" 201
"../../../Engine/Content/Functions/Engine_MaterialFunctions02/ExampleContent/Textures/DebugNumberPeriod.uasset" 202
"../../../Engine/Content/Functions/Engine_MaterialFunctions02/Utility/DebugScalarValues.uasset" 203
"../../../Engine/Content/Functions/Engine_MaterialFunctions02/Utility/MakeFloat2.uasset" 204
"../../../../../Project/Unreal/Evaluation/Live-Coding-Virtual-Environment/Content/Flocking/Materials/PositionRT_2.uasset" 205
"../../../../../Project/Unreal/Evaluation/Live-Coding-Virtual-Environment/Content/Flocking/Materials/DrawInstances_mat.uasset" 206
"../../../../../Project/Unreal/Evaluation/Live-Coding-Virtual-Environment/Content/MobileStarterContent/Props/MaterialSphere.uasset" 207
"../../../../../Project/Unreal/Evaluation/Live-Coding-Virtual-Environment/Content/Flocking/MyInstancingRootActor.uasset" 208
"../../../../../Project/Unreal/Evaluation/Live-Coding-Virtual-Environment/Content/VirtualRealityBP/Blueprints/BP_PickupFlocking.uasset" 209
"../../../../../Project/Unreal/Evaluation/Live-Coding-Virtual-Environment/Content/UI/PickUpCubeWidget.uasset" 210
"../../../../../Project/Unreal/Evaluation/Live-Coding-Virtual-Environment/Content/UI/QueryWidget.uasset" 211
"../../../../../Project/Unreal/Evaluation/Live-Coding-Virtual-Environment/Content/UI/UIController.uasset" 212
"../../../../../Project/Unreal/Evaluation/Live-Coding-Virtual-Environment/Content/MobileStarterContent/Architecture/Pillar_50x500.uasset" 213
"../../../../../Project/Unreal/Evaluation/Live-Coding-Virtual-Environment/Content/VirtualRealityBP/Blueprints/BP_PickupPillar.uasset" 214
"../../../../../Project/Unreal/Evaluation/Live-Coding-Virtual-Environment/Content/VirtualRealityBP/Blueprints/BP_PickupSphere.uasset" 215
"../../../../../Project/Unreal/Evaluation/Live-Coding-Virtual-Environment/Content/VirtualRealityBP/Blueprints/MotionControllerHaptics.uasset" 216
"../../../../../Project/Unreal/Evaluation/Live-Coding-Virtual-Environment/Content/VirtualReality/Materials/MI_ChaperoneOutline.uasset" 217
"../../../../../Project/Unreal/Evaluation/Live-Coding-Virtual-Environment/Content/VirtualReality/Mannequin/Character/Textures/UE4_Mannequin__normals.uasset" 218
"../../../../../Project/Unreal/Evaluation/Live-Coding-Virtual-Environment/Content/VirtualReality/Mannequin/Character/Textures/UE4_Mannequin_MAT_MASKA.uasset" 219
"../../../../../Project/Unreal/Evaluation/Live-Coding-Virtual-Environment/Content/VirtualReality/Mannequin/Character/Materials/M_HandMat.uasset" 220
"../../../../../Project/Unreal/Evaluation/Live-Coding-Virtual-Environment/Content/VirtualReality/Mannequin/Character/Mesh/MannequinHand_Right_PhysicsAsset.uasset" 221
"../../../../../Project/Unreal/Evaluation/Live-Coding-Virtual-Environment/Content/VirtualReality/Mannequin/Character/Mesh/MannequinHand_Right.uasset" 222
"../../../../../Project/Unreal/Evaluation/Live-Coding-Virtual-Environment/Content/VirtualReality/Meshes/1x1_cube.uasset" 223
"../../../../../Project/Unreal/Evaluation/Live-Coding-Virtual-Environment/Content/VirtualRealityBP/Blueprints/TypeTagEnum.uasset" 224
"../../../../../Project/Unreal/Evaluation/Live-Coding-Virtual-Environment/Content/VirtualRealityBP/Blueprints/BP_MotionController.uasset" 225
"../../../../../Project/Unreal/Evaluation/Live-Coding-Virtual-Environment/Content/VirtualRealityBP/Blueprints/ui.uasset" 226
"../../../Engine/Content/Animation/DefaultAnimBoneCompressionSettings.uasset" 227
"../../../Engine/Content/Animation/DefaultAnimCurveCompressionSettings.uasset" 228
"../../../Engine/Content/BasicShapes/Cone.uasset" 229
"../../../Engine/Content/BasicShapes/Plane.uasset" 230
"../../../Engine/Content/EditorLandscapeResources/DataLayer.uasset" 231
"../../../Engine/Content/EditorMaterials/MAT_Groups_Toggle.uasset" 232
"../../../Engine/Content/EditorMaterials/MAT_Groups_Visibility.uasset" 233
"../../../Engine/Content/EditorMaterials/PreviewShadowIndicator.uasset" 234
"../../../Engine/Content/EditorMaterials/PreviewShadowIndicatorMaterial.uasset" 235
"../../../Engine/Content/EditorMaterials/MatineeGroups/MAT_ColorTrack.uasset" 236
"../../../Engine/Content/EditorMaterials/MatineeGroups/MAT_Groups_Anim.uasset" 237
"../../../Engine/Content/EditorMaterials/MatineeGroups/MAT_Groups_AudioMaster.uasset" 238
"../../../Engine/Content/EditorMaterials/MatineeGroups/MAT_Groups_Director.uasset" 239
"../../../Engine/Content/EditorMaterials/MatineeGroups/MAT_Groups_Event.uasset" 240
"../../../Engine/Content/EditorMaterials/MatineeGroups/MAT_Groups_Fade.uasset" 241
"../../../Engine/Content/EditorMaterials/MatineeGroups/MAT_Groups_Float.uasset" 242
"../../../Engine/Content/EditorMaterials/MatineeGroups/MAT_Groups_Move.uasset" 243
"../../../Engine/Content/EditorMaterials/MatineeGroups/MAT_Groups_Slomo.uasset" 244
"../../../Engine/Content/EditorMaterials/MatineeGroups/MAT_Groups_Sound.uasset" 245
"../../../Engine/Content/EditorMaterials/MatineeGroups/MAT_Groups_Vector.uasset" 246
"../../../Engine/Content/EditorMaterials/ParticleSystems/PSysThumbnail_NoImage.uasset" 247
"../../../Engine/Content/EditorMaterials/ParticleSystems/PSysThumbnail_OOD.uasset" 248
"../../../Engine/Content/EditorMaterials/Camera/CineMat.uasset" 249
"../../../Engine/Content/EditorMaterials/Camera/MI_CineMat_Rig.uasset" 250
"../../../Engine/Content/EditorMeshes/Camera/SM_CraneRig_Arm.uasset" 251
"../../../Engine/Content/EditorMeshes/Camera/SM_CraneRig_Base.uasset" 252
"../../../Engine/Content/EditorMeshes/Camera/SM_CraneRig_Body.uasset" 253
"../../../Engine/Content/EditorMeshes/Camera/SM_CraneRig_Mount.uasset" 254
"../../../Engine/Content/EditorMeshes/Camera/SM_RailRig_Mount.uasset" 255
"../../../Engine/Content/EditorMeshes/Camera/SM_RailRig_Track.uasset" 256
"../../../Engine/Content/EditorResources/BSPVertex.uasset" 257
"../../../Engine/Content/EditorResources/EmptyActor.uasset" 258
"../../../Engine/Content/EditorResources/S_Actor.uasset" 259
"../../../Engine/Content/EditorResources/S_Note.uasset" 260
"../../../Engine/Content/EditorResources/S_Solver.uasset" 261
"../../../Engine/Content/EditorResources/S_Trigger.uasset" 262
"../../../Engine/Content/EditorResources/AudioIcons/S_AudioComponent.uasset" 263
"../../../Engine/Content/EditorResources/AudioIcons/S_AudioComponent_AutoActivate.uasset" 264
"../../../Engine/Content/EditorResources/LightIcons/S_LightError.uasset" 265
"../../../Engine/Content/EditorResources/SequenceRecorder/Countdown.uasset" 266
"../../../Engine/Content/EditorResources/SequenceRecorder/RecordingIndicator.uasset" 267
"../../../Engine/Content/EditorSounds/Notifications/CompileFailed.uasset" 268
"../../../Engine/Content/EditorSounds/Notifications/CompileFailed_Cue.uasset" 269
"../../../Engine/Content/EditorSounds/Notifications/CompileSuccess.uasset" 270
"../../../Engine/Content/EditorSounds/Notifications/CompileStart_Cue.uasset" 271
"../../../Engine/Content/EditorSounds/Notifications/CompileSuccess_Cue.uasset" 272
"../../../Engine/Content/EngineDamageTypes/DmgTypeBP_Environmental.uasset" 273
"../../../Engine/Content/EngineDebugMaterials/DebugEditorMaterial.uasset" 274
"../../../Engine/Content/EngineDebugMaterials/DebugMeshMaterial.uasset" 275
"../../../Engine/Content/EngineDebugMaterials/M_SimpleUnlitTranslucent.uasset" 276
"../../../Engine/Content/EngineDebugMaterials/VolumeToRender.uasset" 277
"../../../Engine/Content/EngineDebugMaterials/M_VolumeRenderSphereTracePP.uasset" 278
"../../../Engine/Content/EngineDebugMaterials/WireframeMaterial.uasset" 279
"../../../Engine/Content/EngineFonts/Faces/DroidSansFallback.uasset" 280
"../../../Engine/Content/EngineFonts/Faces/RobotoBold.uasset" 281
"../../../Engine/Content/EngineFonts/Faces/RobotoBoldItalic.uasset" 282
"../../../Engine/Content/EngineFonts/Faces/RobotoItalic.uasset" 283
"../../../Engine/Content/EngineFonts/Faces/RobotoLight.uasset" 284
"../../../Engine/Content/EngineFonts/Faces/RobotoRegular.uasset" 285
"../../../Engine/Content/EngineFonts/Roboto.uasset" 286
"../../../Engine/Content/EngineMaterials/BaseFlattenDiffuseMap.uasset" 287
"../../../Engine/Content/EngineMaterials/BaseFlattenEmissiveMap.uasset" 288
"../../../Engine/Content/EngineMaterials/BaseFlattenGrayscaleMap.uasset" 289
"../../../Engine/Content/EngineMaterials/BaseFlattenNormalMap.uasset" 290
"../../../Engine/Content/EngineMaterials/BaseFlattenMaterial.uasset" 291
"../../../Engine/Content/EngineMaterials/BlueNoise.uasset" 292
"../../../Engine/Content/EngineMaterials/DefaultBloomKernel.uasset" 293
"../../../Engine/Content/EngineMaterials/DefaultBokeh.uasset" 294
"../../../Engine/Content/EngineMaterials/DefaultDeferredDecalMaterial.uasset" 295
"../../../Engine/Content/EngineMaterials/DefaultLightFunctionMaterial.uasset" 296
"../../../Engine/Content/EngineMaterials/DefaultPhysicalMaterial.uasset" 297
"../../../Engine/Content/EngineMaterials/DefaultPostProcessMaterial.uasset" 298
"../../../Engine/Content/EngineFonts/RobotoDistanceField.uasset" 299
"../../../Engine/Content/EngineMaterials/DefaultTextMaterialOpaque.uasset" 300
"../../../Engine/Content/EngineMaterials/DefaultWhiteGrid.uasset" 301
"../../../Engine/Content/EngineMaterials/DefaultWhiteGrid_Low.uasset" 302
"../../../Engine/Content/EngineMaterials/EmissiveMeshMaterial.uasset" 303
"../../../Engine/Content/EngineMaterials/GizmoMaterial.uasset" 304
"../../../Engine/Content/EngineMaterials/MiniFont.uasset" 305
"../../../Engine/Content/EngineMaterials/InvalidLightmapSettings.uasset" 306
"../../../Engine/Content/EngineMaterials/M_InvalidLightmapSettings.uasset" 307
"../../../Engine/Content/Functions/Engine_MaterialFunctions02/WorldPositionOffset/CameraOffset.uasset" 308
"../../../Engine/Content/EngineMaterials/PhAT_JointLimitMaterial.uasset" 309
"../../../Engine/Content/EngineMaterials/PreintegratedSkinBRDF.uasset" 310
"../../../Engine/Content/EngineMaterials/RemoveSurfaceMaterial.uasset" 311
"../../../Engine/Content/EngineMaterials/WeightMapPlaceholderTexture.uasset" 312
"../../../Engine/Content/EngineResources/WhiteSquareTexture.uasset" 313
"../../../Engine/Content/EngineMaterials/Widget3DPassThrough.uasset" 314
"../../../Engine/Content/EngineMaterials/Widget3DPassThrough_Masked.uasset" 315
"../../../Engine/Content/EngineMaterials/Widget3DPassThrough_Opaque.uasset" 316
"../../../Engine/Content/EngineMaterials/Widget3DPassThrough_Masked_OneSided.uasset" 317
"../../../Engine/Content/EngineMaterials/Widget3DPassThrough_Opaque_OneSided.uasset" 318
"../../../Engine/Content/EngineMaterials/Widget3DPassThrough_Translucent.uasset" 319
"../../../Engine/Content/EngineMaterials/Widget3DPassThrough_Translucent_OneSided.uasset" 320
"../../../Engine/Content/EngineMeshes/Cylinder.uasset" 321
"../../../Engine/Content/EngineMeshes/Sphere.uasset" 322
"../../../Engine/Content/EngineResources/Black.uasset" 323
"../../../Engine/Content/EngineResources/DefaultTexture.uasset" 324
"../../../Engine/Content/EngineResources/DefaultTextureCube.uasset" 325
"../../../Engine/Content/EngineResources/DefaultVolumeTexture2D.uasset" 326
"../../../Engine/Content/EngineResources/DefaultVolumeTexture.uasset" 327
"../../../Engine/Content/EngineResources/GradientTexture0.uasset" 328
"../../../Engine/Content/EngineSounds/Master.uasset" 329
"../../../Engine/Content/Functions/Engine_MaterialFunctions01/Shading/ConvertFromDiffSpec.uasset" 330
"../../../Engine/Content/Functions/Engine_MaterialFunctions01/Shading/PowerToRoughness.uasset" 331
"../../../Engine/Content/Maps/Templates/Thumbnails/Default.uasset" 332
"../../../Engine/Content/Maps/Templates/Thumbnails/TimeOfDay.uasset" 333
"../../../Engine/Content/Maps/Templates/Thumbnails/VR-Basic.uasset" 334
"../../../Engine/Content/MobileResources/T_MobileControls_texture.uasset" 335
"../../../Engine/Content/MobileResources/T_MobileMenu2.uasset" 336
"../../../Engine/Content/MobileResources/HUD/AnalogHat.uasset" 337
"../../../Engine/Content/MobileResources/HUD/VirtualJoystick_Background.uasset" 338
"../../../Engine/Content/MobileResources/HUD/VirtualJoystick_Thumb.uasset" 339
"../../../Engine/Content/MobileResources/HUD/DefaultVirtualJoysticks.uasset" 340
"../../../Engine/Content/MobileResources/HUD/LeftVirtualJoystickOnly.uasset" 341
"../../../Engine/Content/MobileResources/HUD/MobileHUDButton1_off.uasset" 342
"../../../Engine/Content/MobileResources/HUD/MobileHUDButton1_on.uasset" 343
"../../../Engine/Content/MobileResources/HUD/MobileHUDButton2_off.uasset" 344
"../../../Engine/Content/MobileResources/HUD/MobileHUDButton2_on.uasset" 345
"../../../Engine/Content/MobileResources/HUD/MobileHUDButton3.uasset" 346
"../../../Engine/Content/MobileResources/HUD/MobileHUDButtonFire.uasset" 347
"../../../Engine/Content/MobileResources/HUD/MobileHUDDirectionPad.uasset" 348
"../../../Engine/Content/MobileResources/HUD/MobileHUDDirectionPad2.uasset" 349
"../../../Engine/Content/MobileResources/HUD/MobileHUDDirectionPad3.uasset" 350
"../../../Engine/Content/MobileResources/HUD/MobileHUDDirectionStick.uasset" 351
"../../../Engine/Content/MobileResources/HUD/T_Castle_ThumbstickInner.uasset" 352
"../../../Engine/Content/MobileResources/HUD/T_Castle_ThumbstickOutter.uasset" 353
"../../../Engine/Content/Tutorial/ContentIntroCurve.uasset" 354
"../../../Engine/Content/Tutorial/Basics/LevelEditorAttract.uasset" 355
"../../../Engine/Content/Tutorial/Basics/TutorialAssets/icon_tab_Levels_40x.uasset" 356
"../../../Engine/Content/Tutorial/Basics/LevelEditorOverview.uasset" 357
"../../../Engine/Content/Tutorial/BlueprintTutorials/TutorialAssets/Blueprint_64x.uasset" 358
"../../../Engine/Content/Tutorial/BlueprintTutorials/BlueprintEditorTutorial.uasset" 359
"../../../Engine/Content/Tutorial/BlueprintTutorials/LevelBlueprintEditorOverview.uasset" 360
"../../../Engine/Content/Tutorial/SubEditors/MaterialEditorTutorial.uasset" 361
"../../../Engine/Content/Tutorial/SubEditors/StaticMeshEditorTutorial.uasset" 362
"../../../Engine/Content/Tutorial/SubEditors/TutorialAssets/TutorialMaterial.uasset" 363
"../../../Engine/Content/VREditor/LaserPointer/VR_LaserPower_01.uasset" 364
"../../../Engine/Content/VREditor/TransformGizmo/TransformGizmoMaterial.uasset" 365
"../../../Engine/Content/VREditor/TransformGizmo/TranslucentTransformGizmoMaterial.uasset" 366
"../../../Engine/Content/VREditor/TransformGizmo/BoundingBoxCorner.uasset" 367
"../../../Engine/Content/VREditor/TransformGizmo/BoundingBoxEdge.uasset" 368
"../../../Engine/Content/VREditor/TransformGizmo/PlaneTranslationHandle.uasset" 369
"../../../Engine/Content/VREditor/TransformGizmo/Main.uasset" 370
"../../../Engine/Content/VREditor/TransformGizmo/Xray.uasset" 371
"../../../Engine/Content/VREditor/TransformGizmo/SM_Sequencer_Key.uasset" 372
"../../../Engine/Content/VREditor/TransformGizmo/SM_Sequencer_Node.uasset" 373
"../../Plugins/2D/Paper2D/Content/PlaceholderTextures/DummySpriteTexture.uasset" 374
"../../Plugins/2D/Paper2D/Content/DummySprite.uasset" 375
"../../Plugins/2D/Paper2D/Content/DefaultPaperTerrainMaterial.uasset" 376
"../../Plugins/2D/Paper2D/Content/DefaultSpriteMaterial.uasset" 377
"../../Plugins/2D/Paper2D/Content/MaskedUnlitSpriteMaterial.uasset" 378
"../../Plugins/2D/Paper2D/Content/OpaqueUnlitSpriteMaterial.uasset" 379
"../../Plugins/FX/Niagara/Content/Enums/ENiagaraBooleanLogicOps.uasset" 380
"../../Plugins/FX/Niagara/Content/Enums/ENiagaraCoordinateSpace.uasset" 381
"../../Plugins/FX/Niagara/Content/Enums/ENiagaraExpansionMode.uasset" 382
"../../Plugins/FX/Niagara/Content/Enums/ENiagaraOrientationAxis.uasset" 383
"../../Plugins/FX/Niagara/Content/Enums/ENiagaraRandomnessMode.uasset" 384
"../../../Engine/Content/Functions/Engine_MaterialFunctions02/Utility/BreakOutFloat4Components.uasset" 385
"../../Plugins/Runtime/Oculus/OculusVR/Content/Materials/OculusMR_ChromaKey.uasset" 386
"../../Plugins/Runtime/Oculus/OculusVR/Content/Materials/OculusMR_ChromaKey_Lit.uasset" 387
"../../Plugins/Runtime/Oculus/OculusVR/Content/Materials/OculusMR_OpaqueColoredMaterial.uasset" 388
"../../Plugins/Runtime/Oculus/OculusVR/Content/Materials/OculusMR_WhiteMaterial.uasset" 389
"../../../Engine/Content/EngineSky/C_Sky_Cloud_Color.uasset" 390
"../../../Engine/Content/EngineSky/C_Sky_Horizon_Color.uasset" 391
"../../../Engine/Content/EngineSky/C_Sky_Zenith_Color.uasset" 392
"../../../Engine/Content/EngineSky/T_Sky_Blue.uasset" 393
"../../../Engine/Content/EngineSky/T_Sky_Clouds_M.uasset" 394
"../../../Engine/Content/EngineSky/T_Sky_Stars.uasset" 395
"../../../Engine/Content/EngineSky/M_Sky_Panning_Clouds2.uasset" 396
"../../../Engine/Content/EngineSky/SM_SkySphere.uasset" 397
"../../../Engine/Content/EngineSky/BP_Sky_Sphere.uasset" 398
"../../../../../Project/Unreal/Evaluation/Live-Coding-Virtual-Environment/Content/FPSMode/NewBlueprint.uasset" 399
"../../../../../Project/Unreal/Evaluation/Live-Coding-Virtual-Environment/Content/FPSMode/NewMap_BuiltData.uasset" 400
"../../../Engine/Content/MapTemplates/SM_Template_Map_Floor.uasset" 401
"../../../../../Project/Unreal/Evaluation/Live-Coding-Virtual-Environment/Content/FPSMode/NewMap.umap" 402
"../../../../../Project/Unreal/Evaluation/Live-Coding-Virtual-Environment/Content/MobileStarterContent/Maps/Minimal_Default_BuiltData.uasset" 403
"../../../../../Project/Unreal/Evaluation/Live-Coding-Virtual-Environment/Content/MobileStarterContent/Materials/M_Basic_Floor.uasset" 404
"../../../../../Project/Unreal/Evaluation/Live-Coding-Virtual-Environment/Content/MobileStarterContent/Architecture/Floor_400x400.uasset" 405
"../../../../../Project/Unreal/Evaluation/Live-Coding-Virtual-Environment/Content/MobileStarterContent/Props/SM_Chair.uasset" 406
"../../../../../Project/Unreal/Evaluation/Live-Coding-Virtual-Environment/Content/MobileStarterContent/Textures/T_Statue_M.uasset" 407
"../../../../../Project/Unreal/Evaluation/Live-Coding-Virtual-Environment/Content/MobileStarterContent/Textures/T_Statue_N.uasset" 408
"../../../../../Project/Unreal/Evaluation/Live-Coding-Virtual-Environment/Content/MobileStarterContent/Props/Materials/M_Statue.uasset" 409
"../../../../../Project/Unreal/Evaluation/Live-Coding-Virtual-Environment/Content/MobileStarterContent/Props/Materials/M_StatueGlass.uasset" 410
"../../../../../Project/Unreal/Evaluation/Live-Coding-Virtual-Environment/Content/MobileStarterContent/Props/SM_Statue.uasset" 411
"../../../../../Project/Unreal/Evaluation/Live-Coding-Virtual-Environment/Content/MobileStarterContent/Textures/T_TableRound_M.uasset" 412
"../../../../../Project/Unreal/Evaluation/Live-Coding-Virtual-Environment/Content/MobileStarterContent/Textures/T_TableRound_N.uasset" 413
"../../../../../Project/Unreal/Evaluation/Live-Coding-Virtual-Environment/Content/MobileStarterContent/Props/Materials/M_TableRound.uasset" 414
"../../../../../Project/Unreal/Evaluation/Live-Coding-Virtual-Environment/Content/MobileStarterContent/Props/SM_TableRound.uasset" 415
"../../../../../Project/Unreal/Evaluation/Live-Coding-Virtual-Environment/Content/MobileStarterContent/Maps/Minimal_Default.umap" 416
"../../../../../Project/Unreal/Evaluation/Live-Coding-Virtual-Environment/Content/MobileStarterContent/Audio/Fire01.uasset" 417
"../../../../../Project/Unreal/Evaluation/Live-Coding-Virtual-Environment/Content/MobileStarterContent/Audio/Fire01_Cue.uasset" 418
"../../../../../Project/Unreal/Evaluation/Live-Coding-Virtual-Environment/Content/MobileStarterContent/Textures/T_Fire_SubUV.uasset" 419
"../../../../../Project/Unreal/Evaluation/Live-Coding-Virtual-Environment/Content/MobileStarterContent/Textures/T_Fire_Tiled_D.uasset" 420
"../../../../../Project/Unreal/Evaluation/Live-Coding-Virtual-Environment/Content/MobileStarterContent/Particles/Materials/M_Fire_SubUV.uasset" 421
"../../../../../Project/Unreal/Evaluation/Live-Coding-Virtual-Environment/Content/MobileStarterContent/Particles/Materials/M_Radial_Gradient.uasset" 422
"../../../../../Project/Unreal/Evaluation/Live-Coding-Virtual-Environment/Content/MobileStarterContent/Particles/P_Fire.uasset" 423
"../../../../../Project/Unreal/Evaluation/Live-Coding-Virtual-Environment/Content/MobileStarterContent/Blueprints/Blueprint_Effect_Fire.uasset" 424
"../../../../../Project/Unreal/Evaluation/Live-Coding-Virtual-Environment/Content/MobileStarterContent/Audio/Smoke01.uasset" 425
"../../../../../Project/Unreal/Evaluation/Live-Coding-Virtual-Environment/Content/MobileStarterContent/Audio/Smoke01_Cue.uasset" 426
"../../../../../Project/Unreal/Evaluation/Live-Coding-Virtual-Environment/Content/MobileStarterContent/Particles/P_Smoke.uasset" 427
"../../../../../Project/Unreal/Evaluation/Live-Coding-Virtual-Environment/Content/MobileStarterContent/Blueprints/Blueprint_Effect_Smoke.uasset" 428
"../../../../../Project/Unreal/Evaluation/Live-Coding-Virtual-Environment/Content/MobileStarterContent/Audio/Fire_Sparks01.uasset" 429
"../../../../../Project/Unreal/Evaluation/Live-Coding-Virtual-Environment/Content/MobileStarterContent/Audio/Fire_Sparks01_Cue.uasset" 430
"../../../../../Project/Unreal/Evaluation/Live-Coding-Virtual-Environment/Content/MobileStarterContent/Textures/T_Spark_Core.uasset" 431
"../../../../../Project/Unreal/Evaluation/Live-Coding-Virtual-Environment/Content/MobileStarterContent/Particles/Materials/M_Spark.uasset" 432
"../../../../../Project/Unreal/Evaluation/Live-Coding-Virtual-Environment/Content/MobileStarterContent/Particles/P_Sparks.uasset" 433
"../../../../../Project/Unreal/Evaluation/Live-Coding-Virtual-Environment/Content/MobileStarterContent/Blueprints/Blueprint_Effect_Sparks.uasset" 434
"../../../../../Project/Unreal/Evaluation/Live-Coding-Virtual-Environment/Content/MobileStarterContent/Textures/T_Lamp_M.uasset" 435
"../../../../../Project/Unreal/Evaluation/Live-Coding-Virtual-Environment/Content/MobileStarterContent/Textures/T_Lamp_N.uasset" 436
"../../../../../Project/Unreal/Evaluation/Live-Coding-Virtual-Environment/Content/MobileStarterContent/Props/Materials/M_Lamp.uasset" 437
"../../../../../Project/Unreal/Evaluation/Live-Coding-Virtual-Environment/Content/MobileStarterContent/Props/SM_Lamp_Ceiling.uasset" 438
"../../../../../Project/Unreal/Evaluation/Live-Coding-Virtual-Environment/Content/MobileStarterContent/Blueprints/Blueprint_CeilingLight.uasset" 439
"../../../../../Project/Unreal/Evaluation/Live-Coding-Virtual-Environment/Content/MobileStarterContent/Props/SM_Lamp_Wall.uasset" 440
"../../../../../Project/Unreal/Evaluation/Live-Coding-Virtual-Environment/Content/MobileStarterContent/Blueprints/Blueprint_WallSconce.uasset" 441
"../../../../../Project/Unreal/Evaluation/Live-Coding-Virtual-Environment/Content/MobileStarterContent/Maps/StarterMap_BuiltData.uasset" 442
"../../../../../Project/Unreal/Evaluation/Live-Coding-Virtual-Environment/Content/MobileStarterContent/Textures/T_Brick_Clay_Beveled_D.uasset" 443
"../../../../../Project/Unreal/Evaluation/Live-Coding-Virtual-Environment/Content/MobileStarterContent/Textures/T_Brick_Clay_Beveled_M.uasset" 444
"../../../../../Project/Unreal/Evaluation/Live-Coding-Virtual-Environment/Content/MobileStarterContent/Textures/T_Brick_Clay_Beveled_N.uasset" 445
"../../../../../Project/Unreal/Evaluation/Live-Coding-Virtual-Environment/Content/MobileStarterContent/Materials/M_Brick_Clay_Beveled.uasset" 446
"../../../../../Project/Unreal/Evaluation/Live-Coding-Virtual-Environment/Content/MobileStarterContent/Textures/T_Brick_Clay_New_D.uasset" 447
"../../../../../Project/Unreal/Evaluation/Live-Coding-Virtual-Environment/Content/MobileStarterContent/Textures/T_Brick_Clay_New_M.uasset" 448
"../../../../../Project/Unreal/Evaluation/Live-Coding-Virtual-Environment/Content/MobileStarterContent/Textures/T_Brick_Clay_New_N.uasset" 449
"../../../../../Project/Unreal/Evaluation/Live-Coding-Virtual-Environment/Content/MobileStarterContent/Materials/M_Brick_Clay_New.uasset" 450
"../../../../../Project/Unreal/Evaluation/Live-Coding-Virtual-Environment/Content/MobileStarterContent/Textures/T_Brick_Clay_Old_D.uasset" 451
"../../../../../Project/Unreal/Evaluation/Live-Coding-Virtual-Environment/Content/MobileStarterContent/Textures/T_Brick_Clay_Old_N.uasset" 452
"../../../../../Project/Unreal/Evaluation/Live-Coding-Virtual-Environment/Content/MobileStarterContent/Materials/M_Brick_Clay_Old.uasset" 453
"../../../../../Project/Unreal/Evaluation/Live-Coding-Virtual-Environment/Content/MobileStarterContent/Textures/T_Brick_Cut_Stone_D.uasset" 454
"../../../../../Project/Unreal/Evaluation/Live-Coding-Virtual-Environment/Content/MobileStarterContent/Textures/T_Brick_Cut_Stone_N.uasset" 455
"../../../../../Project/Unreal/Evaluation/Live-Coding-Virtual-Environment/Content/MobileStarterContent/Materials/M_Brick_Cut_Stone.uasset" 456
"../../../../../Project/Unreal/Evaluation/Live-Coding-Virtual-Environment/Content/MobileStarterContent/Textures/T_Brick_Hewn_Stone_D.uasset" 457
"../../../../../Project/Unreal/Evaluation/Live-Coding-Virtual-Environment/Content/MobileStarterContent/Textures/T_Brick_Hewn_Stone_M.uasset" 458
"../../../../../Project/Unreal/Evaluation/Live-Coding-Virtual-Environment/Content/MobileStarterContent/Textures/T_Brick_Hewn_Stone_N.uasset" 459
"../../../../../Project/Unreal/Evaluation/Live-Coding-Virtual-Environment/Content/MobileStarterContent/Materials/M_Brick_Hewn_Stone.uasset" 460
"../../../../../Project/Unreal/Evaluation/Live-Coding-Virtual-Environment/Content/MobileStarterContent/Textures/T_Ceramic_Tile_M.uasset" 461
"../../../../../Project/Unreal/Evaluation/Live-Coding-Virtual-Environment/Content/MobileStarterContent/Textures/T_Ceramic_Tile_N.uasset" 462
"../../../../../Project/Unreal/Evaluation/Live-Coding-Virtual-Environment/Content/MobileStarterContent/Textures/T_Rock_Marble_Polished_D.uasset" 463
"../../../../../Project/Unreal/Evaluation/Live-Coding-Virtual-Environment/Content/MobileStarterContent/Materials/M_Ceramic_Tile_Checker.uasset" 464
"../../../../../Project/Unreal/Evaluation/Live-Coding-Virtual-Environment/Content/MobileStarterContent/Textures/T_CobbleStone_Pebble_D.uasset" 465
"../../../../../Project/Unreal/Evaluation/Live-Coding-Virtual-Environment/Content/MobileStarterContent/Textures/T_CobbleStone_Pebble_N.uasset" 466
"../../../../../Project/Unreal/Evaluation/Live-Coding-Virtual-Environment/Content/MobileStarterContent/Materials/M_CobbleStone_Pebble.uasset" 467
"../../../../../Project/Unreal/Evaluation/Live-Coding-Virtual-Environment/Content/MobileStarterContent/Textures/T_CobbleStone_Rough_D.uasset" 468
"../../../../../Project/Unreal/Evaluation/Live-Coding-Virtual-Environment/Content/MobileStarterContent/Textures/T_CobbleStone_Rough_N.uasset" 469
"../../../../../Project/Unreal/Evaluation/Live-Coding-Virtual-Environment/Content/MobileStarterContent/Materials/M_CobbleStone_Rough.uasset" 470
"../../../../../Project/Unreal/Evaluation/Live-Coding-Virtual-Environment/Content/MobileStarterContent/Textures/T_CobbleStone_Smooth_D.uasset" 471
"../../../../../Project/Unreal/Evaluation/Live-Coding-Virtual-Environment/Content/MobileStarterContent/Textures/T_CobbleStone_Smooth_M.uasset" 472
"../../../../../Project/Unreal/Evaluation/Live-Coding-Virtual-Environment/Content/MobileStarterContent/Textures/T_CobbleStone_Smooth_N.uasset" 473
"../../../../../Project/Unreal/Evaluation/Live-Coding-Virtual-Environment/Content/MobileStarterContent/Materials/M_CobbleStone_Smooth.uasset" 474
"../../../../../Project/Unreal/Evaluation/Live-Coding-Virtual-Environment/Content/MobileStarterContent/Textures/T_Concrete_Grime_D.uasset" 475
"../../../../../Project/Unreal/Evaluation/Live-Coding-Virtual-Environment/Content/MobileStarterContent/Textures/T_Metal_Rust_N.uasset" 476
"../../../../../Project/Unreal/Evaluation/Live-Coding-Virtual-Environment/Content/MobileStarterContent/Materials/M_Concrete_Grime.uasset" 477
"../../../../../Project/Unreal/Evaluation/Live-Coding-Virtual-Environment/Content/MobileStarterContent/Textures/T_Concrete_Panels_D.uasset" 478
"../../../../../Project/Unreal/Evaluation/Live-Coding-Virtual-Environment/Content/MobileStarterContent/Textures/T_Concrete_Panels_N.uasset" 479
"../../../../../Project/Unreal/Evaluation/Live-Coding-Virtual-Environment/Content/MobileStarterContent/Materials/M_Concrete_Panels.uasset" 480
"../../../../../Project/Unreal/Evaluation/Live-Coding-Virtual-Environment/Content/MobileStarterContent/Textures/T_Concrete_Poured_D.uasset" 481
"../../../../../Project/Unreal/Evaluation/Live-Coding-Virtual-Environment/Content/MobileStarterContent/Textures/T_Concrete_Poured_N.uasset" 482
"../../../../../Project/Unreal/Evaluation/Live-Coding-Virtual-Environment/Content/MobileStarterContent/Materials/M_Concrete_Poured.uasset" 483
"../../../../../Project/Unreal/Evaluation/Live-Coding-Virtual-Environment/Content/MobileStarterContent/Textures/T_Concrete_Tiles_D.uasset" 484
"../../../../../Project/Unreal/Evaluation/Live-Coding-Virtual-Environment/Content/MobileStarterContent/Textures/T_Concrete_Tiles_M.uasset" 485
"../../../../../Project/Unreal/Evaluation/Live-Coding-Virtual-Environment/Content/MobileStarterContent/Textures/T_Concrete_Tiles_N.uasset" 486
"../../../../../Project/Unreal/Evaluation/Live-Coding-Virtual-Environment/Content/MobileStarterContent/Materials/M_Concrete_Tiles.uasset" 487
"../../../../../Project/Unreal/Evaluation/Live-Coding-Virtual-Environment/Content/MobileStarterContent/Textures/T_Ground_Grass_D.uasset" 488
"../../../../../Project/Unreal/Evaluation/Live-Coding-Virtual-Environment/Content/MobileStarterContent/Textures/T_Ground_Grass_N.uasset" 489
"../../../../../Project/Unreal/Evaluation/Live-Coding-Virtual-Environment/Content/MobileStarterContent/Materials/M_Ground_Grass.uasset" 490
"../../../../../Project/Unreal/Evaluation/Live-Coding-Virtual-Environment/Content/MobileStarterContent/Textures/T_Ground_Gravel_D.uasset" 491
"../../../../../Project/Unreal/Evaluation/Live-Coding-Virtual-Environment/Content/MobileStarterContent/Textures/T_Ground_Gravel_N.uasset" 492
"../../../../../Project/Unreal/Evaluation/Live-Coding-Virtual-Environment/Content/MobileStarterContent/Materials/M_Ground_Gravel.uasset" 493
"../../../../../Project/Unreal/Evaluation/Live-Coding-Virtual-Environment/Content/MobileStarterContent/Textures/T_ground_Moss_D.uasset" 494
"../../../../../Project/Unreal/Evaluation/Live-Coding-Virtual-Environment/Content/MobileStarterContent/Textures/T_Ground_Moss_N.uasset" 495
"../../../../../Project/Unreal/Evaluation/Live-Coding-Virtual-Environment/Content/MobileStarterContent/Materials/M_Ground_Moss.uasset" 496
"../../../../../Project/Unreal/Evaluation/Live-Coding-Virtual-Environment/Content/MobileStarterContent/Textures/T_MacroVariation.uasset" 497
"../../../../../Project/Unreal/Evaluation/Live-Coding-Virtual-Environment/Content/MobileStarterContent/Materials/M_Metal_Brushed_Nickel.uasset" 498
"../../../../../Project/Unreal/Evaluation/Live-Coding-Virtual-Environment/Content/MobileStarterContent/Textures/T_Metal_Aluminum_D.uasset" 499
"../../../../../Project/Unreal/Evaluation/Live-Coding-Virtual-Environment/Content/MobileStarterContent/Textures/T_Metal_Gold_N.uasset" 500
"../../../../../Project/Unreal/Evaluation/Live-Coding-Virtual-Environment/Content/MobileStarterContent/Materials/M_Metal_Burnished_Steel.uasset" 501
"../../../../../Project/Unreal/Evaluation/Live-Coding-Virtual-Environment/Content/MobileStarterContent/Materials/M_Metal_Chrome.uasset" 502
"../../../../../Project/Unreal/Evaluation/Live-Coding-Virtual-Environment/Content/MobileStarterContent/Textures/T_Metal_Copper_D.uasset" 503
"../../../../../Project/Unreal/Evaluation/Live-Coding-Virtual-Environment/Content/MobileStarterContent/Materials/M_Metal_Copper.uasset" 504
"../../../../../Project/Unreal/Evaluation/Live-Coding-Virtual-Environment/Content/MobileStarterContent/Textures/T_Metal_Gold_D.uasset" 505
"../../../../../Project/Unreal/Evaluation/Live-Coding-Virtual-Environment/Content/MobileStarterContent/Materials/M_Metal_Gold.uasset" 506
"../../../../../Project/Unreal/Evaluation/Live-Coding-Virtual-Environment/Content/MobileStarterContent/Textures/T_Metal_Rust_D.uasset" 507
"../../../../../Project/Unreal/Evaluation/Live-Coding-Virtual-Environment/Content/MobileStarterContent/Materials/M_Metal_Rust.uasset" 508
"../../../../../Project/Unreal/Evaluation/Live-Coding-Virtual-Environment/Content/MobileStarterContent/Textures/T_Metal_Steel_D.uasset" 509
"../../../../../Project/Unreal/Evaluation/Live-Coding-Virtual-Environment/Content/MobileStarterContent/Textures/T_Metal_Steel_N.uasset" 510
"../../../../../Project/Unreal/Evaluation/Live-Coding-Virtual-Environment/Content/MobileStarterContent/Materials/M_Metal_Steel.uasset" 511
"../../../../../Project/Unreal/Evaluation/Live-Coding-Virtual-Environment/Content/MobileStarterContent/Textures/T_Rock_Basalt_N.uasset" 512
"../../../../../Project/Unreal/Evaluation/Live-Coding-Virtual-Environment/Content/MobileStarterContent/Materials/M_Rock_Basalt.uasset" 513
"../../../../../Project/Unreal/Evaluation/Live-Coding-Virtual-Environment/Content/MobileStarterContent/Materials/M_Rock_Marble_Polished.uasset" 514
"../../../../../Project/Unreal/Evaluation/Live-Coding-Virtual-Environment/Content/MobileStarterContent/Textures/T_Rock_Sandstone_D.uasset" 515
"../../../../../Project/Unreal/Evaluation/Live-Coding-Virtual-Environment/Content/MobileStarterContent/Textures/T_Rock_Sandstone_N.uasset" 516
"../../../../../Project/Unreal/Evaluation/Live-Coding-Virtual-Environment/Content/MobileStarterContent/Materials/M_Rock_Sandstone.uasset" 517
"../../../../../Project/Unreal/Evaluation/Live-Coding-Virtual-Environment/Content/MobileStarterContent/Textures/T_Rock_Slate_D.uasset" 518
"../../../../../Project/Unreal/Evaluation/Live-Coding-Virtual-Environment/Content/MobileStarterContent/Textures/T_Rock_Slate_N.uasset" 519
"../../../../../Project/Unreal/Evaluation/Live-Coding-Virtual-Environment/Content/MobileStarterContent/Materials/M_Rock_Slate.uasset" 520
"../../../../../Project/Unreal/Evaluation/Live-Coding-Virtual-Environment/Content/MobileStarterContent/Textures/T_Checker_Noise_M.uasset" 521
"../../../../../Project/Unreal/Evaluation/Live-Coding-Virtual-Environment/Content/MobileStarterContent/Textures/T_Single_Tile_N.uasset" 522
"../../../../../Project/Unreal/Evaluation/Live-Coding-Virtual-Environment/Content/MobileStarterContent/Textures/T_Tech_Dot_M.uasset" 523
"../../../../../Project/Unreal/Evaluation/Live-Coding-Virtual-Environment/Content/MobileStarterContent/Textures/T_Tech_Dot_N.uasset" 524
"../../../../../Project/Unreal/Evaluation/Live-Coding-Virtual-Environment/Content/MobileStarterContent/Materials/M_Tech_Checker_Dot.uasset" 525
"../../../../../Project/Unreal/Evaluation/Live-Coding-Virtual-Environment/Content/MobileStarterContent/Textures/T_Tech_Hex_Tile_M.uasset" 526
"../../../../../Project/Unreal/Evaluation/Live-Coding-Virtual-Environment/Content/MobileStarterContent/Textures/T_Tech_Hex_Tile_N.uasset" 527
"../../../../../Project/Unreal/Evaluation/Live-Coding-Virtual-Environment/Content/MobileStarterContent/Materials/M_Tech_Hex_Tile.uasset" 528
"../../../../../Project/Unreal/Evaluation/Live-Coding-Virtual-Environment/Content/MobileStarterContent/Materials/M_Tech_Hex_Tile_Pulse.uasset" 529
"../../../../../Project/Unreal/Evaluation/Live-Coding-Virtual-Environment/Content/MobileStarterContent/Textures/T_Tech_Panel_M.uasset" 530
"../../../../../Project/Unreal/Evaluation/Live-Coding-Virtual-Environment/Content/MobileStarterContent/Textures/T_Tech_Panel_N.uasset" 531
"../../../../../Project/Unreal/Evaluation/Live-Coding-Virtual-Environment/Content/MobileStarterContent/Materials/M_Tech_Panel.uasset" 532
"../../../../../Project/Unreal/Evaluation/Live-Coding-Virtual-Environment/Content/MobileStarterContent/Textures/T_Water_N.uasset" 533
"../../../../../Project/Unreal/Evaluation/Live-Coding-Virtual-Environment/Content/MobileStarterContent/Materials/M_Water_Lake.uasset" 534
"../../../Engine/Content/Functions/Engine_MaterialFunctions02/Utility/BlendAngleCorrectedNormals.uasset" 535
"../../../../../Project/Unreal/Evaluation/Live-Coding-Virtual-Environment/Content/MobileStarterContent/Textures/T_Water_M.uasset" 536
"../../../../../Project/Unreal/Evaluation/Live-Coding-Virtual-Environment/Content/MobileStarterContent/Materials/M_Water_Ocean.uasset" 537
"../../../../../Project/Unreal/Evaluation/Live-Coding-Virtual-Environment/Content/MobileStarterContent/Textures/T_Wood_Floor_Walnut_D.uasset" 538
"../../../../../Project/Unreal/Evaluation/Live-Coding-Virtual-Environment/Content/MobileStarterContent/Textures/T_Wood_Floor_Walnut_M.uasset" 539
"../../../../../Project/Unreal/Evaluation/Live-Coding-Virtual-Environment/Content/MobileStarterContent/Textures/T_Wood_Floor_Walnut_N.uasset" 540
"../../../../../Project/Unreal/Evaluation/Live-Coding-Virtual-Environment/Content/MobileStarterContent/Materials/M_Wood_Floor_Walnut_Polished.uasset" 541
"../../../../../Project/Unreal/Evaluation/Live-Coding-Virtual-Environment/Content/MobileStarterContent/Materials/M_Wood_Floor_Walnut_Worn.uasset" 542
"../../../../../Project/Unreal/Evaluation/Live-Coding-Virtual-Environment/Content/MobileStarterContent/Textures/T_Wood_Oak_D.uasset" 543
"../../../../../Project/Unreal/Evaluation/Live-Coding-Virtual-Environment/Content/MobileStarterContent/Textures/T_Wood_Oak_N.uasset" 544
"../../../../../Project/Unreal/Evaluation/Live-Coding-Virtual-Environment/Content/MobileStarterContent/Materials/M_Wood_Oak.uasset" 545
"../../../../../Project/Unreal/Evaluation/Live-Coding-Virtual-Environment/Content/MobileStarterContent/Textures/T_Wood_Pine_D.uasset" 546
"../../../../../Project/Unreal/Evaluation/Live-Coding-Virtual-Environment/Content/MobileStarterContent/Textures/T_Wood_Pine_N.uasset" 547
"../../../../../Project/Unreal/Evaluation/Live-Coding-Virtual-Environment/Content/MobileStarterContent/Materials/M_Wood_Pine.uasset" 548
"../../../../../Project/Unreal/Evaluation/Live-Coding-Virtual-Environment/Content/MobileStarterContent/Textures/T_Wood_Walnut_D.uasset" 549
"../../../../../Project/Unreal/Evaluation/Live-Coding-Virtual-Environment/Content/MobileStarterContent/Textures/T_Wood_Walnut_N.uasset" 550
"../../../../../Project/Unreal/Evaluation/Live-Coding-Virtual-Environment/Content/MobileStarterContent/Materials/M_Wood_Walnut.uasset" 551
"../../../../../Project/Unreal/Evaluation/Live-Coding-Virtual-Environment/Content/MobileStarterContent/Architecture/Wall_400x200.uasset" 552
"../../../../../Project/Unreal/Evaluation/Live-Coding-Virtual-Environment/Content/MobileStarterContent/Architecture/Wall_Door_400x300.uasset" 553
"../../../../../Project/Unreal/Evaluation/Live-Coding-Virtual-Environment/Content/MobileStarterContent/Architecture/Wall_Window_400x300.uasset" 554
"../../../../../Project/Unreal/Evaluation/Live-Coding-Virtual-Environment/Content/MobileStarterContent/Audio/Collapse01.uasset" 555
"../../../../../Project/Unreal/Evaluation/Live-Coding-Virtual-Environment/Content/MobileStarterContent/Audio/Collapse02.uasset" 556
"../../../../../Project/Unreal/Evaluation/Live-Coding-Virtual-Environment/Content/MobileStarterContent/Audio/Collapse_Cue.uasset" 557
"../../../../../Project/Unreal/Evaluation/Live-Coding-Virtual-Environment/Content/MobileStarterContent/Audio/Starter_Birds01.uasset" 558
"../../../../../Project/Unreal/Evaluation/Live-Coding-Virtual-Environment/Content/MobileStarterContent/Audio/Starter_Wind05.uasset" 559
"../../../../../Project/Unreal/Evaluation/Live-Coding-Virtual-Environment/Content/MobileStarterContent/Audio/Starter_Wind06.uasset" 560
"../../../../../Project/Unreal/Evaluation/Live-Coding-Virtual-Environment/Content/MobileStarterContent/Audio/Starter_Background_Cue.uasset" 561
"../../../../../Project/Unreal/Evaluation/Live-Coding-Virtual-Environment/Content/MobileStarterContent/Audio/Starter_Music01.uasset" 562
"../../../../../Project/Unreal/Evaluation/Live-Coding-Virtual-Environment/Content/MobileStarterContent/Audio/Starter_Music_Cue.uasset" 563
"../../../../../Project/Unreal/Evaluation/Live-Coding-Virtual-Environment/Content/MobileStarterContent/Textures/T_Dust_Particle_D.uasset" 564
"../../../../../Project/Unreal/Evaluation/Live-Coding-Virtual-Environment/Content/MobileStarterContent/Particles/Materials/M_Dust_Particle.uasset" 565
"../../../../../Project/Unreal/Evaluation/Live-Coding-Virtual-Environment/Content/MobileStarterContent/Particles/P_Ambient_Dust.uasset" 566
"../../../../../Project/Unreal/Evaluation/Live-Coding-Virtual-Environment/Content/MobileStarterContent/Textures/T_Frame_M.uasset" 567
"../../../../../Project/Unreal/Evaluation/Live-Coding-Virtual-Environment/Content/MobileStarterContent/Textures/T_Frame_N.uasset" 568
"../../../../../Project/Unreal/Evaluation/Live-Coding-Virtual-Environment/Content/MobileStarterContent/Props/Materials/M_Frame.uasset" 569
"../../../../../Project/Unreal/Evaluation/Live-Coding-Virtual-Environment/Content/MobileStarterContent/Props/SM_CornerFrame.uasset" 570
"../../../../../Project/Unreal/Evaluation/Live-Coding-Virtual-Environment/Content/MobileStarterContent/Props/SM_DoorFrame.uasset" 571
"../../../../../Project/Unreal/Evaluation/Live-Coding-Virtual-Environment/Content/MobileStarterContent/Props/SM_GlassWindow.uasset" 572
"../../../../../Project/Unreal/Evaluation/Live-Coding-Virtual-Environment/Content/MobileStarterContent/Props/SM_PillarFrame.uasset" 573
"../../../../../Project/Unreal/Evaluation/Live-Coding-Virtual-Environment/Content/MobileStarterContent/Props/SM_PillarFrame300.uasset" 574
"../../../../../Project/Unreal/Evaluation/Live-Coding-Virtual-Environment/Content/MobileStarterContent/Props/SM_WindowFrame.uasset" 575
"../../../../../Project/Unreal/Evaluation/Live-Coding-Virtual-Environment/Content/MobileStarterContent/Shapes/Shape_Cube.uasset" 576
"../../../../../Project/Unreal/Evaluation/Live-Coding-Virtual-Environment/Content/MobileStarterContent/Shapes/Shape_QuadPyramid.uasset" 577
"../../../../../Project/Unreal/Evaluation/Live-Coding-Virtual-Environment/Content/MobileStarterContent/Maps/StarterMap.umap" 578
"../../../../../Project/Unreal/Evaluation/Live-Coding-Virtual-Environment/Content/VirtualRealityBP/Maps/1-29-2021GRIE_BuiltData.uasset" 579
"../../../../../Project/Unreal/Evaluation/Live-Coding-Virtual-Environment/Content/ColorMaterial.uasset" 580
"../../../../../Project/Unreal/Evaluation/Live-Coding-Virtual-Environment/Content/ColorMaterial_Inst.uasset" 581
"../../../../../Project/Unreal/Evaluation/Live-Coding-Virtual-Environment/Content/ColorMaterial_Inst1.uasset" 582
"../../../../../Project/Unreal/Evaluation/Live-Coding-Virtual-Environment/Content/ColorMaterial_Inst2.uasset" 583
"../../../../../Project/Unreal/Evaluation/Live-Coding-Virtual-Environment/Content/VirtualReality/Materials/MI_BaseMaterial3.uasset" 584
"../../../../../Project/Unreal/Evaluation/Live-Coding-Virtual-Environment/Content/VirtualReality/Materials/MI_BaseMaterial2.uasset" 585
"../../../../../Project/Unreal/Evaluation/Live-Coding-Virtual-Environment/Content/Box_Brush_StaticMesh1.uasset" 586
"../../../../../Project/Unreal/Evaluation/Live-Coding-Virtual-Environment/Content/VirtualRealityBP/Maps/1-29-2021GRIE.umap" 587
"../../../../../Project/Unreal/Evaluation/Live-Coding-Virtual-Environment/Content/VirtualRealityBP/Maps/12-8-2020DemoScene_BuiltData.uasset" 588
"../../../../../Project/Unreal/Evaluation/Live-Coding-Virtual-Environment/Content/RayMarching/shaderToyNoise.uasset" 589
"../../../../../Project/Unreal/Evaluation/Live-Coding-Virtual-Environment/Content/RayMarching/Cloud_mat.uasset" 590
"../../../../../Project/Unreal/Evaluation/Live-Coding-Virtual-Environment/Content/RayMarching/Cloud_mat_Inst.uasset" 591
"../../../Engine/Content/Functions/Engine_MaterialFunctions02/ObjectLocalBounds.uasset" 592
"../../../Engine/Content/Functions/Engine_MaterialFunctions02/WorldPositionOffset/LocalPosition.uasset" 593
"../../../../../Project/Unreal/Evaluation/Live-Coding-Virtual-Environment/Content/VF/M_pr.uasset" 594
"../../../../../Project/Unreal/Evaluation/Live-Coding-Virtual-Environment/Content/VF/M_pr_Inst.uasset" 595
"../../../Engine/Content/EngineMeshes/Cube.uasset" 596
"../../../../../Project/Unreal/Evaluation/Live-Coding-Virtual-Environment/Content/Flocking/Materials/PositionRT_3.uasset" 597
"../../../../../Project/Unreal/Evaluation/Live-Coding-Virtual-Environment/Content/Flocking/Materials/VelocityRT_2.uasset" 598
"../../../../../Project/Unreal/Evaluation/Live-Coding-Virtual-Environment/Content/Flocking/Materials/VelocityRT_3.uasset" 599
"../../../../../Project/Unreal/Evaluation/Live-Coding-Virtual-Environment/Content/VirtualRealityBP/Maps/12-8-2020DemoScene.umap" 600
"../../../../../Project/Unreal/Evaluation/Live-Coding-Virtual-Environment/Content/RayMarching/Bps/SphereFog_Blueprint.uasset" 601
"../../../../../Project/Unreal/Evaluation/Live-Coding-Virtual-Environment/Content/RayMarching/Bps/Wave_Blueprint.uasset" 602
"../../Plugins/Experimental/Volumetrics/Content/Tools/BlueprintLibraries/ConversionMacros.uasset" 603
"../../Plugins/Experimental/Volumetrics/Content/Tools/FluidSimulation/Blueprints/Enums/EVolumeTextureDimensions.uasset" 604
"../../Plugins/Experimental/Volumetrics/Content/Tools/BlueprintLibraries/VolumetricsBPLIbrary.uasset" 605
"../../Plugins/Experimental/Volumetrics/Content/Content/VolumeTextures/Textures/RT_Default.uasset" 606
"../../Plugins/Experimental/Volumetrics/Content/Content/VolumeTextures/Materials/Debug/M_Display_RT.uasset" 607
"../../../Engine/Content/Functions/Engine_MaterialFunctions01/Coordinates/2Dto1DIndex.uasset" 608
"../../Plugins/Experimental/Volumetrics/Content/Content/VolumeTextures/MaterialFunctions/EncodeVolumeCoordinates.uasset" 609
"../../Plugins/Experimental/Volumetrics/Content/Content/VolumeTextures/Materials/Generation/M_Encode_Tiling_Noise.uasset" 610
"../../Plugins/Experimental/Volumetrics/Content/Content/VolumeTextures/Textures/RT_Preview.uasset" 611
"../../Plugins/Experimental/Volumetrics/Content/Content/VolumeTextures/Materials/Raymarching/M_VolumeRayMarch_Lit_Preview.uasset" 612
"../../../Engine/Content/ArtTools/RenderToTexture/Meshes/S_1_Unit_Plane.uasset" 613
"../../Plugins/Experimental/Volumetrics/Content/Content/VolumeTextures/Meshes/S_Box_InsideOut_01.uasset" 614
"../../../../../Project/Unreal/Evaluation/Live-Coding-Virtual-Environment/Content/VF/Bp/BP_Draw_Tiling_Volumes1.uasset" 615
"../../../../../Project/Unreal/Evaluation/Live-Coding-Virtual-Environment/Content/RayMarching/NewMaterial_Inst_Inst.uasset" 616
"../../../../../Project/Unreal/Evaluation/Live-Coding-Virtual-Environment/Content/VirtualRealityBP/Blueprints/BP_PickupCombinableBox.uasset" 617
"../../../../../Project/Unreal/Evaluation/Live-Coding-Virtual-Environment/Content/VirtualRealityBP/Blueprints/BP_PickupCombinableSphere.uasset" 618
"../../../../../Project/Unreal/Evaluation/Live-Coding-Virtual-Environment/Content/VirtualRealityBP/Maps/MotionControllerMap_BuiltData.uasset" 619
"../../../../../Project/Unreal/Evaluation/Live-Coding-Virtual-Environment/Content/VF/M_Encode_Tiling_Noise.uasset" 620
"../../../../../Project/Unreal/Evaluation/Live-Coding-Virtual-Environment/Content/VF/M_Encode_Tiling_Noise_Inst.uasset" 621
"../../../../../Project/Unreal/Evaluation/Live-Coding-Virtual-Environment/Content/VF/Mat_DOF/DensityColor_test_mat.uasset" 622
"../../../../../Project/Unreal/Evaluation/Live-Coding-Virtual-Environment/Content/VF/Mat_DOF/DensityColor_test_mat_Inst1.uasset" 623
"../../../Engine/Content/EditorResources/BadBlueprintSprite.uasset" 624
"../../../../../Project/Unreal/Evaluation/Live-Coding-Virtual-Environment/Content/VirtualRealityBP/Maps/MotionControllerMap.umap" 625
"../../../Engine/Content/Maps/Entry_BuiltData.uasset" 626
"../../../Engine/Content/Maps/Entry.umap" 627
